<?xml version="1.0" encoding="UTF-8"?>
<!-- Generated by org.testng.reporters.JUnitXMLReporter -->
<testsuite ignored="1" hostname="DESKTOP-HMGTCUM" failures="0" tests="4" name="Default test" time="0.117" errors="0" timestamp="2025-09-21T20:36:54 IST">
  <testcase classname="Test.day3" name="MobileLoginCarLoan" time="0.019"/>
  <testcase classname="Test.day3" name="WebLoginCarLoan" time="0.004"/>
  <testcase classname="Test.day3" name="MobileSignIn" time="0.003"/>
  <testcase classname="Test.day3" name="LoginAPICarLoan" time="0.003"/>
  <testcase classname="Test.day3" name="MobileSignOut" time="0.0">
    <ignored/>
  </testcase> <!-- MobileSignOut -->
</testsuite> <!-- Default test -->
