<?xml version="1.0" encoding="UTF-8"?>
<!-- Generated by org.testng.reporters.JUnitXMLReporter -->
<testsuite ignored="3" hostname="DESKTOP-HMGTCUM" failures="0" tests="2" name="Car Loan" time="0.033" errors="0" timestamp="2025-09-21T20:00:37 IST">
  <testcase classname="Test.day3" name="LoginAPICarLoan" time="0.002"/>
  <testcase classname="Test.day3" name="WebLoginCarLoan" time="0.002"/>
  <testcase classname="Test.day3" name="MobileSignIn" time="0.0">
    <ignored/>
  </testcase> <!-- MobileSignIn -->
  <testcase classname="Test.day3" name="MobileLoginCarLoan" time="0.0">
    <ignored/>
  </testcase> <!-- MobileLoginCarLoan -->
  <testcase classname="Test.day3" name="MobileSignOut" time="0.0">
    <ignored/>
  </testcase> <!-- MobileSignOut -->
</testsuite> <!-- Car Loan -->
