<?xml version="1.0" encoding="UTF-8"?>
<!-- Generated by org.testng.reporters.JUnitXMLReporter -->
<testsuite ignored="1" hostname="DESKTOP-HMGTCUM" failures="0" tests="5" name="Personal Loan" time="0.115" errors="0" timestamp="2025-09-21T20:00:37 IST">
  <testcase classname="Test.day1" name="Demo" time="0.012"/>
  <testcase classname="Test.day2" name="ploan" time="0.002"/>
  <testcase classname="Test.day4" name="LoginAPIHomeLoan" time="0.004"/>
  <testcase classname="Test.day4" name="MobileLoginHomeLoan" time="0.003"/>
  <testcase classname="Test.day4" name="WebLoginHomeLoan" time="0.003"/>
  <testcase classname="Test.day1" name="SecondTest" time="0.0">
    <ignored/>
  </testcase> <!-- SecondTest -->
</testsuite> <!-- Personal Loan -->
