<?xml version="1.0" encoding="UTF-8"?>
<!-- Generated by org.testng.reporters.JUnitXMLReporter -->
<testsuite ignored="1" hostname="Prathamesh091824" failures="0" tests="5" name="Personal Loan" time="0.049" errors="0" timestamp="2025-09-22T23:59:53 IST">
  <testcase classname="Test.day1" name="Demo" time="0.008"/>
  <testcase classname="Test.day2" name="ploan" time="0.001"/>
  <testcase classname="Test.day4" name="LoginAPIHomeLoan" time="0.002"/>
  <testcase classname="Test.day4" name="MobileLoginHomeLoan" time="0.001"/>
  <testcase classname="Test.day4" name="WebLoginHomeLoan" time="0.001"/>
  <testcase classname="Test.day1" name="SecondTest" time="0.0">
    <ignored/>
  </testcase> <!-- SecondTest -->
</testsuite> <!-- Personal Loan -->
