<?xml version="1.0" encoding="UTF-8"?>
<!-- Generated by org.testng.reporters.JUnitXMLReporter -->
<testsuite ignored="3" hostname="DESKTOP-HMGTCUM" failures="0" tests="8" name="Regression" time="0.176" errors="0" timestamp="2025-09-21T20:24:12 IST">
  <testcase classname="Test.day1" name="Demo" time="0.01"/>
  <testcase classname="Test.day1" name="SecondTest" time="0.005"/>
  <testcase classname="Test.day4" name="LoginAPIHomeLoan" time="0.003"/>
  <testcase classname="Test.day4" name="WebLoginHomeLoan" time="0.005"/>
  <testcase classname="Test.day3" name="LoginAPICarLoan" time="0.002"/>
  <testcase classname="Test.day3" name="MobileLoginCarLoan" time="0.004"/>
  <testcase classname="Test.day3" name="MobileSignOut" time="0.01"/>
  <testcase classname="Test.day3" name="WebLoginCarLoan" time="0.002"/>
  <testcase classname="Test.day3" name="MobileSignIn" time="0.0">
    <ignored/>
  </testcase> <!-- MobileSignIn -->
  <testcase classname="Test.day2" name="ploan" time="0.0">
    <ignored/>
  </testcase> <!-- ploan -->
  <testcase classname="Test.day4" name="MobileLoginHomeLoan" time="0.0">
    <ignored/>
  </testcase> <!-- MobileLoginHomeLoan -->
</testsuite> <!-- Regression -->
