<?xml version="1.0" encoding="UTF-8"?>
<testng-results ignored="2" total="13" passed="9" failed="1" skipped="1">
  <reporter-output>
  </reporter-output>
  <suite started-at="2025-09-22T23:59:53 IST" name="Loan Department" finished-at="2025-09-22T23:59:53 IST" duration-ms="63">
    <groups>
      <group name="Smoke">
        <method signature="day2.ploan()[pri:0, instance:Test.day2@41d477ed]" name="ploan" class="Test.day2"/>
        <method signature="day4.MobileLoginHomeLoan()[pri:0, instance:Test.day4@3590fc5b]" name="MobileLoginHomeLoan" class="Test.day4"/>
        <method signature="day3.MobileLogincarLoan()[pri:0, instance:Test.day3@1ff4931d]" name="MobileLogincarLoan" class="Test.day3"/>
      </group> <!-- Smoke -->
    </groups>
    <test started-at="2025-09-22T23:59:53 IST" name="Car Loan" finished-at="2025-09-22T23:59:53 IST" duration-ms="63">
      <class name="Test.day1">
        <test-method is-config="true" signature="afsuite()[pri:0, instance:Test.day1@34123d65]" started-at="2025-09-22T23:59:53 IST" name="afsuite" finished-at="2025-09-22T23:59:53 IST" duration-ms="0" status="PASS">
          <reporter-output>
          </reporter-output>
        </test-method> <!-- afsuite -->
      </class> <!-- Test.day1 -->
      <class name="Test.day3">
        <test-method is-config="true" signature="Bfsuite()[pri:0, instance:Test.day3@1ff4931d]" started-at="2025-09-22T23:59:53 IST" name="Bfsuite" finished-at="2025-09-22T23:59:53 IST" duration-ms="8" status="PASS">
          <reporter-output>
          </reporter-output>
        </test-method> <!-- Bfsuite -->
        <test-method is-config="true" signature="befoclas()[pri:0, instance:Test.day3@1ff4931d]" started-at="2025-09-22T23:59:53 IST" name="befoclas" finished-at="2025-09-22T23:59:53 IST" duration-ms="0" status="PASS">
          <reporter-output>
          </reporter-output>
        </test-method> <!-- befoclas -->
        <test-method is-config="true" signature="beforeevery()[pri:0, instance:Test.day3@1ff4931d]" started-at="2025-09-22T23:59:53 IST" name="beforeevery" finished-at="2025-09-22T23:59:53 IST" duration-ms="0" status="PASS">
          <reporter-output>
          </reporter-output>
        </test-method> <!-- beforeevery -->
        <test-method signature="MobileLogincarLoan()[pri:0, instance:Test.day3@1ff4931d]" started-at="2025-09-22T23:59:53 IST" name="MobileLogincarLoan" finished-at="2025-09-22T23:59:53 IST" duration-ms="6" status="PASS">
          <reporter-output>
          </reporter-output>
        </test-method> <!-- MobileLogincarLoan -->
        <test-method is-config="true" signature="afterevery()[pri:0, instance:Test.day3@1ff4931d]" started-at="2025-09-22T23:59:53 IST" name="afterevery" finished-at="2025-09-22T23:59:53 IST" duration-ms="1" status="PASS">
          <reporter-output>
          </reporter-output>
        </test-method> <!-- afterevery -->
        <test-method signature="MobilesignoutcarLoan(java.lang.String,java.lang.String)[pri:0, instance:Test.day3@1ff4931d]" started-at="2025-09-22T23:59:53 IST" name="MobilesignoutcarLoan" data-provider="getData" finished-at="2025-09-22T23:59:53 IST" duration-ms="2" status="PASS">
          <params>
            <param index="0">
              <value>
                <![CDATA[firstsetusername]]>
              </value>
            </param>
            <param index="1">
              <value>
                <![CDATA[firstsetpassword]]>
              </value>
            </param>
          </params>
          <reporter-output>
          </reporter-output>
        </test-method> <!-- MobilesignoutcarLoan -->
        <test-method is-config="true" signature="beforeevery()[pri:0, instance:Test.day3@1ff4931d]" started-at="2025-09-22T23:59:53 IST" name="beforeevery" finished-at="2025-09-22T23:59:53 IST" duration-ms="0" status="PASS">
          <reporter-output>
          </reporter-output>
        </test-method> <!-- beforeevery -->
        <test-method is-config="true" signature="afterevery()[pri:0, instance:Test.day3@1ff4931d]" started-at="2025-09-22T23:59:53 IST" name="afterevery" finished-at="2025-09-22T23:59:53 IST" duration-ms="0" status="PASS">
          <reporter-output>
          </reporter-output>
        </test-method> <!-- afterevery -->
        <test-method signature="MobilesignoutcarLoan(java.lang.String,java.lang.String)[pri:0, instance:Test.day3@1ff4931d]" started-at="2025-09-22T23:59:53 IST" name="MobilesignoutcarLoan" data-provider="getData" finished-at="2025-09-22T23:59:53 IST" duration-ms="1" status="PASS">
          <params>
            <param index="0">
              <value>
                <![CDATA[secondsetusername]]>
              </value>
            </param>
            <param index="1">
              <value>
                <![CDATA[secondsetpassword]]>
              </value>
            </param>
          </params>
          <reporter-output>
          </reporter-output>
        </test-method> <!-- MobilesignoutcarLoan -->
        <test-method is-config="true" signature="beforeevery()[pri:0, instance:Test.day3@1ff4931d]" started-at="2025-09-22T23:59:53 IST" name="beforeevery" finished-at="2025-09-22T23:59:53 IST" duration-ms="0" status="PASS">
          <reporter-output>
          </reporter-output>
        </test-method> <!-- beforeevery -->
        <test-method is-config="true" signature="afterevery()[pri:0, instance:Test.day3@1ff4931d]" started-at="2025-09-22T23:59:53 IST" name="afterevery" finished-at="2025-09-22T23:59:53 IST" duration-ms="0" status="PASS">
          <reporter-output>
          </reporter-output>
        </test-method> <!-- afterevery -->
        <test-method signature="MobilesignoutcarLoan(java.lang.String,java.lang.String)[pri:0, instance:Test.day3@1ff4931d]" started-at="2025-09-22T23:59:53 IST" name="MobilesignoutcarLoan" data-provider="getData" finished-at="2025-09-22T23:59:53 IST" duration-ms="1" status="PASS">
          <params>
            <param index="0">
              <value>
                <![CDATA[thirdsetusername]]>
              </value>
            </param>
            <param index="1">
              <value>
                <![CDATA[thirdsetpassword]]>
              </value>
            </param>
          </params>
          <reporter-output>
          </reporter-output>
        </test-method> <!-- MobilesignoutcarLoan -->
        <test-method is-config="true" signature="beforeevery()[pri:0, instance:Test.day3@1ff4931d]" started-at="2025-09-22T23:59:53 IST" name="beforeevery" finished-at="2025-09-22T23:59:53 IST" duration-ms="0" status="PASS">
          <reporter-output>
          </reporter-output>
        </test-method> <!-- beforeevery -->
        <test-method is-config="true" signature="afterevery()[pri:0, instance:Test.day3@1ff4931d]" started-at="2025-09-22T23:59:53 IST" name="afterevery" finished-at="2025-09-22T23:59:53 IST" duration-ms="0" status="PASS">
          <reporter-output>
          </reporter-output>
        </test-method> <!-- afterevery -->
        <test-method signature="WebloginCarLoan(java.lang.String,java.lang.String)[pri:0, instance:Test.day3@1ff4931d]" started-at="2025-09-22T23:59:53 IST" name="WebloginCarLoan" finished-at="2025-09-22T23:59:53 IST" duration-ms="0" status="FAIL">
          <exception class="org.testng.TestNGException">
            <message>
              <![CDATA[
Parameter 'APIKey/usrname' is required by @Test on method WebloginCarLoan but has not been marked @Optional or defined
in C:\Users\Shree\git\Selenium-Project\TestNg\TestNG\testng.xml]]>
            </message>
            <full-stacktrace>
              <![CDATA[org.testng.TestNGException: 
Parameter 'APIKey/usrname' is required by @Test on method WebloginCarLoan but has not been marked @Optional or defined
in C:\Users\Shree\git\Selenium-Project\TestNg\TestNG\testng.xml
at org.testng.internal.Parameters.createParams(Parameters.java:264)
at org.testng.internal.Parameters.createParametersForMethod(Parameters.java:352)
at org.testng.internal.Parameters.createParameters(Parameters.java:690)
at org.testng.internal.Parameters.handleParameters(Parameters.java:885)
at org.testng.internal.Parameters.handleParameters(Parameters.java:734)
at org.testng.internal.invokers.ParameterHandler.handleParameters(ParameterHandler.java:72)
at org.testng.internal.invokers.ParameterHandler.createParameters(ParameterHandler.java:51)
at org.testng.internal.invokers.TestInvoker$MethodInvocationAgent.invoke(TestInvoker.java:949)
at org.testng.internal.invokers.TestInvoker.invokeTestMethods(TestInvoker.java:203)
at org.testng.internal.invokers.TestMethodWorker.invokeTestMethods(TestMethodWorker.java:154)
at org.testng.internal.invokers.TestMethodWorker.run(TestMethodWorker.java:134)
at java.base/java.util.ArrayList.forEach(ArrayList.java:1596)
at org.testng.TestRunner.privateRun(TestRunner.java:741)
at org.testng.TestRunner.run(TestRunner.java:616)
at org.testng.SuiteRunner.runTest(SuiteRunner.java:421)
at org.testng.SuiteRunner$SuiteWorker.run(SuiteRunner.java:463)
at org.testng.internal.thread.ThreadUtil.lambda$execute$0(ThreadUtil.java:64)
at java.base/java.util.concurrent.FutureTask.run(FutureTask.java:317)
at java.base/java.util.concurrent.ThreadPoolExecutor.runWorker(ThreadPoolExecutor.java:1144)
at java.base/java.util.concurrent.ThreadPoolExecutor$Worker.run(ThreadPoolExecutor.java:642)
at java.base/java.lang.Thread.run(Thread.java:1583)
]]>
            </full-stacktrace>
          </exception> <!-- org.testng.TestNGException -->
          <reporter-output>
          </reporter-output>
        </test-method> <!-- WebloginCarLoan -->
        <test-method signature="APIcarLoan()[pri:0, instance:Test.day3@1ff4931d]" started-at="2025-09-22T23:59:53 IST" name="APIcarLoan" finished-at="2025-09-22T23:59:53 IST" depends-on-methods="Test.day3.WebloginCarLoan, Test.day3.MobilesignoutcarLoan" duration-ms="0" status="SKIP">
          <exception class="java.lang.Throwable">
            <message>
              <![CDATA[Method Test.day3.APIcarLoan() on instance Test.day3@1ff4931d depends on not successfully finished methods 
[Test.day3.WebloginCarLoan() on instance Test.day3@1ff4931d
Test.day3.MobilesignoutcarLoan() on instance Test.day3@1ff4931d]]]>
            </message>
            <full-stacktrace>
              <![CDATA[java.lang.Throwable: Method Test.day3.APIcarLoan() on instance Test.day3@1ff4931d depends on not successfully finished methods 
[Test.day3.WebloginCarLoan() on instance Test.day3@1ff4931d
Test.day3.MobilesignoutcarLoan() on instance Test.day3@1ff4931d]
at org.testng.internal.invokers.TestInvoker.invokeTestMethods(TestInvoker.java:159)
at org.testng.internal.invokers.TestMethodWorker.invokeTestMethods(TestMethodWorker.java:154)
at org.testng.internal.invokers.TestMethodWorker.run(TestMethodWorker.java:134)
at java.base/java.util.ArrayList.forEach(ArrayList.java:1596)
at org.testng.TestRunner.privateRun(TestRunner.java:741)
at org.testng.TestRunner.run(TestRunner.java:616)
at org.testng.SuiteRunner.runTest(SuiteRunner.java:421)
at org.testng.SuiteRunner$SuiteWorker.run(SuiteRunner.java:463)
at org.testng.internal.thread.ThreadUtil.lambda$execute$0(ThreadUtil.java:64)
at java.base/java.util.concurrent.FutureTask.run(FutureTask.java:317)
at java.base/java.util.concurrent.ThreadPoolExecutor.runWorker(ThreadPoolExecutor.java:1144)
at java.base/java.util.concurrent.ThreadPoolExecutor$Worker.run(ThreadPoolExecutor.java:642)
at java.base/java.lang.Thread.run(Thread.java:1583)
]]>
            </full-stacktrace>
          </exception> <!-- java.lang.Throwable -->
          <reporter-output>
          </reporter-output>
        </test-method> <!-- APIcarLoan -->
        <test-method is-config="true" signature="afteclas()[pri:0, instance:Test.day3@1ff4931d]" started-at="2025-09-22T23:59:53 IST" name="afteclas" finished-at="2025-09-22T23:59:53 IST" duration-ms="0" status="PASS">
          <reporter-output>
          </reporter-output>
        </test-method> <!-- afteclas -->
      </class> <!-- Test.day3 -->
    </test> <!-- Car Loan -->
    <test started-at="2025-09-22T23:59:53 IST" name="Personal Loan" finished-at="2025-09-22T23:59:53 IST" duration-ms="49">
      <class name="Test.day1">
        <test-method signature="Demo(java.lang.String,java.lang.String)[pri:0, instance:Test.day1@34123d65]" started-at="2025-09-22T23:59:53 IST" name="Demo" finished-at="2025-09-22T23:59:53 IST" duration-ms="8" status="PASS">
          <params>
            <param index="0">
              <value>
                <![CDATA[personalLoan.com]]>
              </value>
            </param>
            <param index="1">
              <value>
                <![CDATA[12345]]>
              </value>
            </param>
          </params>
          <reporter-output>
          </reporter-output>
        </test-method> <!-- Demo -->
        <test-method is-config="true" signature="lastexecution()[pri:0, instance:Test.day1@34123d65]" started-at="2025-09-22T23:59:53 IST" name="lastexecution" finished-at="2025-09-22T23:59:53 IST" duration-ms="1" status="PASS">
          <reporter-output>
          </reporter-output>
        </test-method> <!-- lastexecution -->
      </class> <!-- Test.day1 -->
      <class name="Test.day2">
        <test-method is-config="true" signature="prerequisite()[pri:0, instance:Test.day2@41d477ed]" started-at="2025-09-22T23:59:53 IST" name="prerequisite" finished-at="2025-09-22T23:59:53 IST" duration-ms="1" status="PASS">
          <reporter-output>
          </reporter-output>
        </test-method> <!-- prerequisite -->
        <test-method signature="ploan()[pri:0, instance:Test.day2@41d477ed]" started-at="2025-09-22T23:59:53 IST" name="ploan" finished-at="2025-09-22T23:59:53 IST" duration-ms="1" status="PASS">
          <reporter-output>
          </reporter-output>
        </test-method> <!-- ploan -->
      </class> <!-- Test.day2 -->
      <class name="Test.day4">
        <test-method signature="LoginAPIHomeLoan()[pri:0, instance:Test.day4@3590fc5b]" started-at="2025-09-22T23:59:53 IST" name="LoginAPIHomeLoan" finished-at="2025-09-22T23:59:53 IST" duration-ms="2" status="PASS">
          <reporter-output>
          </reporter-output>
        </test-method> <!-- LoginAPIHomeLoan -->
        <test-method signature="MobileLoginHomeLoan()[pri:0, instance:Test.day4@3590fc5b]" started-at="2025-09-22T23:59:53 IST" name="MobileLoginHomeLoan" finished-at="2025-09-22T23:59:53 IST" duration-ms="1" status="PASS">
          <reporter-output>
          </reporter-output>
        </test-method> <!-- MobileLoginHomeLoan -->
        <test-method signature="WebLoginHomeLoan()[pri:0, instance:Test.day4@3590fc5b]" started-at="2025-09-22T23:59:53 IST" name="WebLoginHomeLoan" finished-at="2025-09-22T23:59:53 IST" duration-ms="1" status="PASS">
          <reporter-output>
          </reporter-output>
        </test-method> <!-- WebLoginHomeLoan -->
      </class> <!-- Test.day4 -->
    </test> <!-- Personal Loan -->
  </suite> <!-- Loan Department -->
</testng-results>
