<?xml version="1.0" encoding="UTF-8"?>
<testng-results ignored="1" total="5" passed="4" failed="0" skipped="0">
  <reporter-output>
  </reporter-output>
  <suite started-at="2025-09-21T20:36:54 IST" name="Default suite" finished-at="2025-09-21T20:36:54 IST" duration-ms="117">
    <groups>
      <group name="Smoke">
        <method signature="day3.MobileSignIn()[pri:0, instance:Test.day3@14cd1699]" name="MobileSignIn" class="Test.day3"/>
      </group> <!-- Smoke -->
    </groups>
    <test started-at="2025-09-21T20:36:54 IST" name="Default test" finished-at="2025-09-21T20:36:54 IST" duration-ms="117">
      <class name="Test.day3">
        <test-method is-config="true" signature="Bfsuite()[pri:0, instance:Test.day3@14cd1699]" started-at="2025-09-21T20:36:54 IST" name="Bfsuite" finished-at="2025-09-21T20:36:54 IST" duration-ms="13" status="PASS">
          <reporter-output>
          </reporter-output>
        </test-method> <!-- Bfsuite -->
        <test-method is-config="true" signature="beforeclass()[pri:0, instance:Test.day3@14cd1699]" started-at="2025-09-21T20:36:54 IST" name="beforeclass" finished-at="2025-09-21T20:36:54 IST" duration-ms="1" status="PASS">
          <reporter-output>
          </reporter-output>
        </test-method> <!-- beforeclass -->
        <test-method is-config="true" signature="beforeeverytc()[pri:0, instance:Test.day3@14cd1699]" started-at="2025-09-21T20:36:54 IST" name="beforeeverytc" finished-at="2025-09-21T20:36:54 IST" duration-ms="1" status="PASS">
          <reporter-output>
          </reporter-output>
        </test-method> <!-- beforeeverytc -->
        <test-method signature="MobileLoginCarLoan()[pri:0, instance:Test.day3@14cd1699]" started-at="2025-09-21T20:36:54 IST" name="MobileLoginCarLoan" finished-at="2025-09-21T20:36:54 IST" duration-ms="19" status="PASS">
          <reporter-output>
          </reporter-output>
        </test-method> <!-- MobileLoginCarLoan -->
        <test-method is-config="true" signature="aftereeverytc()[pri:0, instance:Test.day3@14cd1699]" started-at="2025-09-21T20:36:54 IST" name="aftereeverytc" finished-at="2025-09-21T20:36:54 IST" duration-ms="1" status="PASS">
          <reporter-output>
          </reporter-output>
        </test-method> <!-- aftereeverytc -->
        <test-method is-config="true" signature="beforeeverytc()[pri:0, instance:Test.day3@14cd1699]" started-at="2025-09-21T20:36:54 IST" name="beforeeverytc" finished-at="2025-09-21T20:36:54 IST" duration-ms="0" status="PASS">
          <reporter-output>
          </reporter-output>
        </test-method> <!-- beforeeverytc -->
        <test-method signature="WebLoginCarLoan()[pri:0, instance:Test.day3@14cd1699]" started-at="2025-09-21T20:36:54 IST" name="WebLoginCarLoan" finished-at="2025-09-21T20:36:54 IST" duration-ms="4" status="PASS">
          <reporter-output>
          </reporter-output>
        </test-method> <!-- WebLoginCarLoan -->
        <test-method is-config="true" signature="aftereeverytc()[pri:0, instance:Test.day3@14cd1699]" started-at="2025-09-21T20:36:54 IST" name="aftereeverytc" finished-at="2025-09-21T20:36:54 IST" duration-ms="1" status="PASS">
          <reporter-output>
          </reporter-output>
        </test-method> <!-- aftereeverytc -->
        <test-method is-config="true" signature="beforeeverytc()[pri:0, instance:Test.day3@14cd1699]" started-at="2025-09-21T20:36:54 IST" name="beforeeverytc" finished-at="2025-09-21T20:36:54 IST" duration-ms="1" status="PASS">
          <reporter-output>
          </reporter-output>
        </test-method> <!-- beforeeverytc -->
        <test-method signature="MobileSignIn()[pri:0, instance:Test.day3@14cd1699]" started-at="2025-09-21T20:36:54 IST" name="MobileSignIn" finished-at="2025-09-21T20:36:54 IST" duration-ms="3" status="PASS">
          <reporter-output>
          </reporter-output>
        </test-method> <!-- MobileSignIn -->
        <test-method is-config="true" signature="aftereeverytc()[pri:0, instance:Test.day3@14cd1699]" started-at="2025-09-21T20:36:54 IST" name="aftereeverytc" finished-at="2025-09-21T20:36:54 IST" duration-ms="2" status="PASS">
          <reporter-output>
          </reporter-output>
        </test-method> <!-- aftereeverytc -->
        <test-method is-config="true" signature="beforeeverytc()[pri:0, instance:Test.day3@14cd1699]" started-at="2025-09-21T20:36:54 IST" name="beforeeverytc" finished-at="2025-09-21T20:36:54 IST" duration-ms="1" status="PASS">
          <reporter-output>
          </reporter-output>
        </test-method> <!-- beforeeverytc -->
        <test-method signature="LoginAPICarLoan()[pri:0, instance:Test.day3@14cd1699]" started-at="2025-09-21T20:36:54 IST" name="LoginAPICarLoan" finished-at="2025-09-21T20:36:54 IST" depends-on-methods="Test.day3.WebLoginCarLoan" duration-ms="3" status="PASS">
          <reporter-output>
          </reporter-output>
        </test-method> <!-- LoginAPICarLoan -->
        <test-method is-config="true" signature="aftereeverytc()[pri:0, instance:Test.day3@14cd1699]" started-at="2025-09-21T20:36:54 IST" name="aftereeverytc" finished-at="2025-09-21T20:36:54 IST" duration-ms="1" status="PASS">
          <reporter-output>
          </reporter-output>
        </test-method> <!-- aftereeverytc -->
        <test-method is-config="true" signature="afterclass()[pri:0, instance:Test.day3@14cd1699]" started-at="2025-09-21T20:36:54 IST" name="afterclass" finished-at="2025-09-21T20:36:54 IST" duration-ms="2" status="PASS">
          <reporter-output>
          </reporter-output>
        </test-method> <!-- afterclass -->
      </class> <!-- Test.day3 -->
    </test> <!-- Default test -->
  </suite> <!-- Default suite -->
</testng-results>
